<?xml version="1.0" encoding="UTF-8"?>
<testng-results ignored="0" total="1" passed="1" failed="0" skipped="0">
  <reporter-output>
  </reporter-output>
  <suite started-at="2024-06-28T22:30:56Z" name="Default suite" finished-at="2024-06-28T22:31:26Z" duration-ms="30485">
    <groups>
      <group name="mobile">
        <method signature="TC2_mob.TC2_mob_def()[pri:0, instance:org.testing.testScripts.TC2_mob@58ce9668]" name="TC2_mob_def" class="org.testing.testScripts.TC2_mob"/>
      </group> <!-- mobile -->
    </groups>
    <test started-at="2024-06-28T22:30:56Z" name="Default test" finished-at="2024-06-28T22:31:26Z" duration-ms="30485">
      <class name="org.testing.testScripts.TC2_mob">
        <test-method is-config="true" signature="appLaunch()[pri:0, instance:org.testing.testScripts.TC2_mob@58ce9668]" started-at="2024-06-28T17:30:56Z" name="appLaunch" finished-at="2024-06-28T17:31:12Z" duration-ms="16412" status="PASS">
          <reporter-output>
          </reporter-output>
        </test-method> <!-- appLaunch -->
        <test-method signature="TC2_mob_def()[pri:0, instance:org.testing.testScripts.TC2_mob@58ce9668]" started-at="2024-06-28T17:31:12Z" name="TC2_mob_def" finished-at="2024-06-28T17:31:20Z" duration-ms="7693" status="PASS">
          <reporter-output>
          </reporter-output>
        </test-method> <!-- TC2_mob_def -->
        <test-method is-config="true" signature="appClose()[pri:0, instance:org.testing.testScripts.TC2_mob@58ce9668]" started-at="2024-06-28T17:31:20Z" name="appClose" finished-at="2024-06-28T17:31:26Z" duration-ms="6358" status="PASS">
          <reporter-output>
          </reporter-output>
        </test-method> <!-- appClose -->
      </class> <!-- org.testing.testScripts.TC2_mob -->
    </test> <!-- Default test -->
  </suite> <!-- Default suite -->
</testng-results>
