<?xml version="1.0" encoding="UTF-8"?>
<!-- Generated by org.testng.reporters.JUnitXMLReporter -->
<testsuite ignored="0" hostname="Latitude-E6320" failures="0" tests="2" name="Command line test 87689fb6-d33f-44bc-a218-7bddb37fcf42" time="88.977" errors="0" timestamp="02 Jul 2024 21:41:53 GMT">
  <testcase classname="org.testing.testScripts.TC1_web" name="TC1_definition" time="35.761"/>
  <testcase classname="org.testing.testScripts.TC7_web" name="TC7_definition" time="32.13"/>
</testsuite> <!-- Command line test 87689fb6-d33f-44bc-a218-7bddb37fcf42 -->
