<?xml version="1.0" encoding="UTF-8"?>
<!-- Generated by org.testng.reporters.JUnitXMLReporter -->
<testsuite ignored="0" hostname="Latitude-E6320" failures="3" tests="4" name="Command line test 89bfbcb6-82a3-423e-b863-cfbe3812aec1" time="60.487" errors="0" timestamp="02 Jul 2024 16:41:40 GMT">
  <testcase classname="org.testing.testScripts.TC1_web" name="TC1_definition" time="35.185"/>
  <testcase classname="org.testing.testScripts.TC2_web" name="TC2_definition" time="5.0">
    <failure type="java.lang.NullPointerException" message="Cannot invoke &amp;quot;java.util.Properties.getProperty(String)&amp;quot; because &amp;quot;this.pr&amp;quot; is null">
      <![CDATA[java.lang.NullPointerException: Cannot invoke "java.util.Properties.getProperty(String)" because "this.pr" is null
	at org.testing.Pages.web_loginPage.signin(web_loginPage.java:22)
	at org.testing.testScripts.TC2_web.TC2_definition(TC2_web.java:17)
	at org.testing.trigger.Runner.main(Runner.java:71)
... Removed 22 stack frames]]>
    </failure>
  </testcase> <!-- TC2_definition -->
  <testcase classname="org.testing.testScripts.TC3_web" name="TC3_definition" time="5.001">
    <failure type="java.lang.NullPointerException" message="Cannot invoke &amp;quot;java.util.Properties.getProperty(String)&amp;quot; because &amp;quot;this.pr&amp;quot; is null">
      <![CDATA[java.lang.NullPointerException: Cannot invoke "java.util.Properties.getProperty(String)" because "this.pr" is null
	at org.testing.Pages.web_loginPage.signin(web_loginPage.java:22)
	at org.testing.testScripts.TC3_web.TC3_definition(TC3_web.java:17)
	at org.testing.trigger.Runner.main(Runner.java:71)
... Removed 22 stack frames]]>
    </failure>
  </testcase> <!-- TC3_definition -->
  <testcase classname="org.testing.testScripts.TC7_web" name="TC7_definition" time="5.001">
    <failure type="java.lang.NullPointerException" message="Cannot invoke &amp;quot;java.util.Properties.getProperty(String)&amp;quot; because &amp;quot;this.pr&amp;quot; is null">
      <![CDATA[java.lang.NullPointerException: Cannot invoke "java.util.Properties.getProperty(String)" because "this.pr" is null
	at org.testing.Pages.web_loginPage.signin(web_loginPage.java:22)
	at org.testing.testScripts.TC7_web.TC7_definition(TC7_web.java:17)
	at org.testing.trigger.Runner.main(Runner.java:71)
... Removed 22 stack frames]]>
    </failure>
  </testcase> <!-- TC7_definition -->
</testsuite> <!-- Command line test 89bfbcb6-82a3-423e-b863-cfbe3812aec1 -->
