<?xml version="1.0" encoding="UTF-8"?>
<!-- Generated by org.testng.reporters.JUnitXMLReporter -->
<testsuite ignored="0" hostname="Latitude-E6320" failures="1" tests="2" name="Command line test 64eda934-6d96-4a8c-9904-dc3bec25aff9" time="50.998" errors="0" timestamp="02 Jul 2024 17:07:12 GMT">
  <testcase classname="org.testing.testScripts.TC1_web" name="TC1_definition" time="35.626"/>
  <testcase classname="org.testing.testScripts.TC7_web" name="TC7_definition" time="5.001">
    <failure type="java.lang.NullPointerException" message="Cannot invoke &amp;quot;java.util.Properties.getProperty(String)&amp;quot; because &amp;quot;this.pr&amp;quot; is null">
      <![CDATA[java.lang.NullPointerException: Cannot invoke "java.util.Properties.getProperty(String)" because "this.pr" is null
	at org.testing.Pages.web_loginPage.signin(web_loginPage.java:22)
	at org.testing.testScripts.TC7_web.TC7_definition(TC7_web.java:17)
	at org.testing.trigger.Runner.main(Runner.java:71)
... Removed 22 stack frames]]>
    </failure>
  </testcase> <!-- TC7_definition -->
</testsuite> <!-- Command line test 64eda934-6d96-4a8c-9904-dc3bec25aff9 -->
