<?xml version="1.0" encoding="UTF-8"?>
<!-- Generated by org.testng.reporters.JUnitXMLReporter -->
<testsuite ignored="0" hostname="Latitude-E6320" failures="0" tests="4" name="Test" time="164.575" errors="0" timestamp="02 Jul 2024 21:46:57 GMT">
  <testcase classname="org.testing.testScripts.TC1_web" name="TC1_definition" time="35.354"/>
  <testcase classname="org.testing.testScripts.TC2_web" name="TC2_definition" time="31.109"/>
  <testcase classname="org.testing.testScripts.TC3_web" name="TC3_definition" time="31.466"/>
  <testcase classname="org.testing.testScripts.TC7_web" name="TC7_definition" time="30.775"/>
</testsuite> <!-- Test -->
